number,value,datetime_start,datetime_complete,duration,params_dropout,params_learning_rate,user_attrs_dev_accuracy,state
0,0.268,2026-09-08 13:24:20.990745,2026-09-08 15:15:02.138134,0 days 01:50:41.147389,0.22933902174189658,1.737021634565213e-05,0.912,COMPLETE
1,0.217,2026-09-08 15:15:02.820096,2026-09-08 17:32:14.600837,0 days 02:17:11.780741,0.3296775453513757,4.8650821921205694e-05,0.903,COMPLETE
2,0.261,2026-09-08 17:32:14.711198,2026-09-08 20:00:51.714625,0 days 02:28:37.003427,0.14076097639522567,2.381495776814973e-05,0.91,COMPLETE
3,0.233,2026-09-08 20:00:51.940353,2026-09-08 22:31:53.688210,0 days 02:31:01.747857,0.3684725001877972,3.879008803924832e-05,0.904,COMPLETE
4,0.24,2026-09-08 22:31:53.856972,2026-09-09 01:00:17.896423,0 days 02:28:24.039451,0.36805736722079974,1.2125891932014711e-05,0.908,COMPLETE
5,0.234,2026-09-09 01:00:18.184155,2026-09-09 02:12:42.227426,0 days 01:12:24.043271,0.1263472735932242,1.371958885746948e-05,0.901,COMPLETE
6,0.244,2026-09-09 02:12:42.337906,2026-09-09 04:28:58.496891,0 days 02:16:16.158985,0.14081353293107687,4.4824698052877434e-05,0.905,COMPLETE
7,0.259,2026-09-09 04:28:58.604672,2026-09-09 06:45:49.365609,0 days 02:16:50.760937,0.2105285588390351,1.8402795652540487e-05,0.911,COMPLETE
8,0.278,2026-09-09 06:45:49.526719,2026-09-09 08:36:49.076815,0 days 01:50:59.550096,0.19544654532520622,2.5915716767633834e-05,0.91,COMPLETE
9,0.208,2026-09-09 08:36:49.213040,2026-09-09 10:27:45.635895,0 days 01:50:56.422855,0.33719161405687426,9.825757441128734e-06,0.903,COMPLETE
10,0.184,2026-09-09 10:27:45.771467,2026-09-09 11:39:05.685946,0 days 01:11:19.914479,0.2603589135549662,5.173042169238303e-06,0.882,COMPLETE
11,0.272,2026-09-09 11:39:05.827396,2026-09-09 13:55:21.479574,0 days 02:16:15.652178,0.23010338612707992,2.640327694445439e-05,0.912,COMPLETE
