number,value,datetime_start,datetime_complete,duration,params_batch_size,params_classifier_hidden_size,params_dropout,params_learning_rate,params_warmup_ratio,params_weight_decay,user_attrs_dev_accuracy,state
0,0.231,2026-09-08 09:42:17.021784,2026-09-08 11:56:23.592048,0 days 02:14:06.570264,8,1536,0.4946540798427113,1.3177153637625896e-05,0.17898166679186478,0.0014574952013748726,0.907,COMPLETE
1,0.177,2026-09-08 11:56:25.708790,2026-09-08 13:12:27.002356,0 days 01:16:01.293566,8,1024,0.11122029939661529,5.85208399107905e-06,0.05867920691833424,0.03723032051652485,0.881,COMPLETE
2,0.205,2026-09-08 13:12:27.091339,2026-09-08 15:19:11.400597,0 days 02:06:44.309258,8,768,0.06465706971314661,1.4185363020162212e-05,0.06108900384062737,0.0046020837829991125,0.905,COMPLETE
3,0.175,2026-09-08 15:19:11.517434,2026-09-08 17:07:57.973015,0 days 01:48:46.455581,16,512,0.27388963847523223,8.901298541427382e-06,0.014149284724786094,0.02848848818952879,0.89,COMPLETE
4,0.248,2026-09-08 17:07:58.210959,2026-09-08 18:44:28.115991,0 days 01:36:29.905032,8,1536,0.3720498475043646,2.2243571349787747e-05,0.14730238508839832,0.00010653121982691637,0.909,COMPLETE
5,0.179,2026-09-08 18:44:28.221554,2026-09-08 20:44:57.779699,0 days 02:00:29.558145,8,1024,0.48155128989262946,6.276603006768866e-06,0.16107686148131783,0.028721583356955935,0.888,COMPLETE
6,0.202,2026-09-08 20:44:57.887169,2026-09-08 22:33:20.861867,0 days 01:48:22.974698,8,1024,0.43526636996539025,1.6316584373832257e-05,0.034896802113317894,0.0016453239872215848,0.898,COMPLETE
7,0.223,2026-09-08 22:33:20.961081,2026-09-08 23:57:54.292603,0 days 01:24:33.331522,8,1024,0.164980781264075,1.7683340009227584e-05,0.16169523846667952,0.003603618042568021,0.901,COMPLETE
8,0.212,2026-09-08 23:57:54.416996,2026-09-09 01:29:59.156036,0 days 01:32:04.739040,16,1536,0.19052676686319742,2.3689666066788228e-05,0.10329335941281281,0.008084140710991991,0.901,COMPLETE
9,0.166,2026-09-09 01:29:59.387840,2026-09-09 03:47:24.662431,0 days 02:17:25.274591,4,768,0.48802904225463634,5.65269264676737e-06,0.16038518564564624,0.0023140039313750047,0.892,COMPLETE
10,0.242,2026-09-09 03:47:24.756941,2026-09-09 05:58:55.558504,0 days 02:11:30.801563,4,1536,0.3545407937202246,2.679840397345275e-05,0.11145808220755878,0.00010644030961409417,0.907,COMPLETE
11,0.283,2026-09-09 05:58:55.693078,2026-09-09 08:37:35.189426,0 days 02:38:39.496348,4,1536,0.35265700071125883,2.8895379286156533e-05,0.10219797504667343,0.00010623208853699683,0.913,COMPLETE
