[I 2026-09-08 09:42:16,995] A new study created in RDB with name: bart_etpc_search_1
[I 2026-09-08 11:56:23,665] Trial 0 finished with value: 0.231 and parameters: {'learning_rate': 1.3177153637625896e-05, 'weight_decay': 0.0014574952013748726, 'dropout': 0.4946540798427113, 'classifier_hidden_size': 1536, 'warmup_ratio': 0.17898166679186478, 'batch_size': 8}. Best is trial 0 with value: 0.231.
[I 2026-09-08 13:12:27,028] Trial 1 finished with value: 0.177 and parameters: {'learning_rate': 5.85208399107905e-06, 'weight_decay': 0.03723032051652485, 'dropout': 0.11122029939661529, 'classifier_hidden_size': 1024, 'warmup_ratio': 0.05867920691833424, 'batch_size': 8}. Best is trial 0 with value: 0.231.
[I 2026-09-08 15:19:11,428] Trial 2 finished with value: 0.205 and parameters: {'learning_rate': 1.4185363020162212e-05, 'weight_decay': 0.0046020837829991125, 'dropout': 0.06465706971314661, 'classifier_hidden_size': 768, 'warmup_ratio': 0.06108900384062737, 'batch_size': 8}. Best is trial 0 with value: 0.231.
[I 2026-09-08 17:07:58,038] Trial 3 finished with value: 0.175 and parameters: {'learning_rate': 8.901298541427382e-06, 'weight_decay': 0.02848848818952879, 'dropout': 0.27388963847523223, 'classifier_hidden_size': 512, 'warmup_ratio': 0.014149284724786094, 'batch_size': 16}. Best is trial 0 with value: 0.231.
[I 2026-09-08 18:44:28,159] Trial 4 finished with value: 0.248 and parameters: {'learning_rate': 2.2243571349787747e-05, 'weight_decay': 0.00010653121982691637, 'dropout': 0.3720498475043646, 'classifier_hidden_size': 1536, 'warmup_ratio': 0.14730238508839832, 'batch_size': 8}. Best is trial 4 with value: 0.248.
[I 2026-09-08 20:44:57,808] Trial 5 finished with value: 0.179 and parameters: {'learning_rate': 6.276603006768866e-06, 'weight_decay': 0.028721583356955935, 'dropout': 0.48155128989262946, 'classifier_hidden_size': 1024, 'warmup_ratio': 0.16107686148131783, 'batch_size': 8}. Best is trial 4 with value: 0.248.
[I 2026-09-08 22:33:20,889] Trial 6 finished with value: 0.202 and parameters: {'learning_rate': 1.6316584373832257e-05, 'weight_decay': 0.0016453239872215848, 'dropout': 0.43526636996539025, 'classifier_hidden_size': 1024, 'warmup_ratio': 0.034896802113317894, 'batch_size': 8}. Best is trial 4 with value: 0.248.
[I 2026-09-08 23:57:54,329] Trial 7 finished with value: 0.223 and parameters: {'learning_rate': 1.7683340009227584e-05, 'weight_decay': 0.003603618042568021, 'dropout': 0.164980781264075, 'classifier_hidden_size': 1024, 'warmup_ratio': 0.16169523846667952, 'batch_size': 8}. Best is trial 4 with value: 0.248.
[I 2026-09-09 01:29:59,211] Trial 8 finished with value: 0.212 and parameters: {'learning_rate': 2.3689666066788228e-05, 'weight_decay': 0.008084140710991991, 'dropout': 0.19052676686319742, 'classifier_hidden_size': 1536, 'warmup_ratio': 0.10329335941281281, 'batch_size': 16}. Best is trial 4 with value: 0.248.
[I 2026-09-09 03:47:24,689] Trial 9 finished with value: 0.166 and parameters: {'learning_rate': 5.65269264676737e-06, 'weight_decay': 0.0023140039313750047, 'dropout': 0.48802904225463634, 'classifier_hidden_size': 768, 'warmup_ratio': 0.16038518564564624, 'batch_size': 4}. Best is trial 4 with value: 0.248.
[I 2026-09-09 05:58:55,589] Trial 10 finished with value: 0.242 and parameters: {'learning_rate': 2.679840397345275e-05, 'weight_decay': 0.00010644030961409417, 'dropout': 0.3545407937202246, 'classifier_hidden_size': 1536, 'warmup_ratio': 0.11145808220755878, 'batch_size': 4}. Best is trial 4 with value: 0.248.
[I 2026-09-09 08:37:35,250] Trial 11 finished with value: 0.283 and parameters: {'learning_rate': 2.8895379286156533e-05, 'weight_decay': 0.00010623208853699683, 'dropout': 0.35265700071125883, 'classifier_hidden_size': 1536, 'warmup_ratio': 0.10219797504667343, 'batch_size': 4}. Best is trial 11 with value: 0.283.
