number,value,datetime_start,datetime_complete,duration,params_batch_size,params_classifier_hidden_size,params_dropout,params_learning_rate,params_warmup_ratio,params_weight_decay,user_attrs_dev_accuracy,state
0,0.218,2026-09-08 12:17:14.338506,2026-09-08 14:18:00.198193,0 days 02:00:45.859687,8,512,0.3964360532284742,6.0344883178952e-05,0.027173984263483764,0.00019651251661113368,0.901,COMPLETE
1,0.075,2026-09-08 14:18:01.520955,2026-09-08 14:54:15.084343,0 days 00:36:13.563388,8,512,0.1263472735932242,0.0003062098234851564,0.11318275986779575,0.0002065918941216954,0.721,COMPLETE
2,0.189,2026-09-08 14:54:15.171008,2026-09-08 16:08:42.112748,0 days 01:14:26.941740,16,1024,0.3667804959079609,1.9309101858379307e-05,0.12322882568230027,0.002354594583144161,0.883,COMPLETE
3,0.254,2026-09-08 16:08:42.302016,2026-09-08 18:03:53.797172,0 days 01:55:11.495156,8,1024,0.19163350576094107,5.339632413082005e-05,0.11940831892257933,0.00022766428584793658,0.908,COMPLETE
4,0.046,2026-09-08 18:03:54.356124,2026-09-08 19:01:10.210344,0 days 00:57:15.854220,16,1024,0.2753107598000638,0.0001157965558484527,0.011208231545546666,0.00036382408490529536,0.57,COMPLETE
5,0.158,2026-09-08 19:01:10.464915,2026-09-08 21:02:26.617744,0 days 02:01:16.152829,16,512,0.23769862657161347,5.239996909548754e-06,0.11358410343992563,0.0014028104207268997,0.889,COMPLETE
6,0.199,2026-09-08 21:02:27.616891,2026-09-08 22:57:26.774348,0 days 01:54:59.157457,16,512,0.3732384992018102,3.944233665152262e-05,0.08956939218704259,2.402857406597512e-05,0.902,COMPLETE
7,0.253,2026-09-08 22:57:26.864004,2026-09-09 00:58:06.247639,0 days 02:00:39.383635,16,512,0.31109120825044745,4.474107410910154e-05,0.17122949776239568,0.005825358326487494,0.911,COMPLETE
8,0.242,2026-09-09 00:58:06.355505,2026-09-09 02:55:07.975974,0 days 01:57:01.620469,4,512,0.23730632818740557,1.6298209840148427e-05,0.14099939899037697,3.337736374668987e-05,0.905,COMPLETE
9,0.175,2026-09-09 02:55:08.076289,2026-09-09 04:50:03.060835,0 days 01:54:54.984546,8,512,0.254646105819614,8.69505846856063e-06,0.10719338140152455,0.0005455607002122823,0.896,COMPLETE
10,0.017,2026-09-09 04:50:03.204372,2026-09-09 05:27:13.379678,0 days 00:37:10.175306,4,1024,0.10620122493579276,0.000374109554530686,0.06357802201214365,1.103521077305966e-05,0.517,COMPLETE
11,0.143,2026-09-09 05:27:13.510325,2026-09-09 06:24:53.303490,0 days 00:57:39.793165,8,1024,0.1736173373703793,9.702509231180292e-05,0.1999409148820344,0.009509260708868737,0.858,COMPLETE
