[I 2026-09-08 12:17:14,318] A new study created in RDB with name: bart_etpc_search_3
[I 2026-09-08 14:18:00,435] Trial 0 finished with value: 0.218 and parameters: {'learning_rate': 6.0344883178952e-05, 'weight_decay': 0.00019651251661113368, 'dropout': 0.3964360532284742, 'classifier_hidden_size': 512, 'warmup_ratio': 0.027173984263483764, 'batch_size': 8}. Best is trial 0 with value: 0.218.
[I 2026-09-08 14:54:15,109] Trial 1 finished with value: 0.075 and parameters: {'learning_rate': 0.0003062098234851564, 'weight_decay': 0.0002065918941216954, 'dropout': 0.1263472735932242, 'classifier_hidden_size': 512, 'warmup_ratio': 0.11318275986779575, 'batch_size': 8}. Best is trial 0 with value: 0.218.
[I 2026-09-08 16:08:42,174] Trial 2 finished with value: 0.189 and parameters: {'learning_rate': 1.9309101858379307e-05, 'weight_decay': 0.002354594583144161, 'dropout': 0.3667804959079609, 'classifier_hidden_size': 1024, 'warmup_ratio': 0.12322882568230027, 'batch_size': 16}. Best is trial 0 with value: 0.218.
[I 2026-09-08 18:03:54,020] Trial 3 finished with value: 0.254 and parameters: {'learning_rate': 5.339632413082005e-05, 'weight_decay': 0.00022766428584793658, 'dropout': 0.19163350576094107, 'classifier_hidden_size': 1024, 'warmup_ratio': 0.11940831892257933, 'batch_size': 8}. Best is trial 3 with value: 0.254.
[I 2026-09-08 19:01:10,275] Trial 4 finished with value: 0.046 and parameters: {'learning_rate': 0.0001157965558484527, 'weight_decay': 0.00036382408490529536, 'dropout': 0.2753107598000638, 'classifier_hidden_size': 1024, 'warmup_ratio': 0.011208231545546666, 'batch_size': 16}. Best is trial 3 with value: 0.254.
[I 2026-09-08 21:02:26,677] Trial 5 finished with value: 0.158 and parameters: {'learning_rate': 5.239996909548754e-06, 'weight_decay': 0.0014028104207268997, 'dropout': 0.23769862657161347, 'classifier_hidden_size': 512, 'warmup_ratio': 0.11358410343992563, 'batch_size': 16}. Best is trial 3 with value: 0.254.
[I 2026-09-08 22:57:26,800] Trial 6 finished with value: 0.199 and parameters: {'learning_rate': 3.944233665152262e-05, 'weight_decay': 2.402857406597512e-05, 'dropout': 0.3732384992018102, 'classifier_hidden_size': 512, 'warmup_ratio': 0.08956939218704259, 'batch_size': 16}. Best is trial 3 with value: 0.254.
[I 2026-09-09 00:58:06,280] Trial 7 finished with value: 0.253 and parameters: {'learning_rate': 4.474107410910154e-05, 'weight_decay': 0.005825358326487494, 'dropout': 0.31109120825044745, 'classifier_hidden_size': 512, 'warmup_ratio': 0.17122949776239568, 'batch_size': 16}. Best is trial 3 with value: 0.254.
[I 2026-09-09 02:55:08,000] Trial 8 finished with value: 0.242 and parameters: {'learning_rate': 1.6298209840148427e-05, 'weight_decay': 3.337736374668987e-05, 'dropout': 0.23730632818740557, 'classifier_hidden_size': 512, 'warmup_ratio': 0.14099939899037697, 'batch_size': 4}. Best is trial 3 with value: 0.254.
[I 2026-09-09 04:50:03,095] Trial 9 finished with value: 0.175 and parameters: {'learning_rate': 8.69505846856063e-06, 'weight_decay': 0.0005455607002122823, 'dropout': 0.254646105819614, 'classifier_hidden_size': 512, 'warmup_ratio': 0.10719338140152455, 'batch_size': 8}. Best is trial 3 with value: 0.254.
[I 2026-09-09 05:27:13,411] Trial 10 finished with value: 0.017 and parameters: {'learning_rate': 0.000374109554530686, 'weight_decay': 1.103521077305966e-05, 'dropout': 0.10620122493579276, 'classifier_hidden_size': 1024, 'warmup_ratio': 0.06357802201214365, 'batch_size': 4}. Best is trial 3 with value: 0.254.
[I 2026-09-09 06:24:53,345] Trial 11 finished with value: 0.143 and parameters: {'learning_rate': 9.702509231180292e-05, 'weight_decay': 0.009509260708868737, 'dropout': 0.1736173373703793, 'classifier_hidden_size': 1024, 'warmup_ratio': 0.1999409148820344, 'batch_size': 8}. Best is trial 3 with value: 0.254.
