number,value,datetime_start,datetime_complete,duration,params_batch_size,params_classifier_hidden_size,params_dropout,params_learning_rate,params_warmup_ratio,params_weight_decay,user_attrs_dev_accuracy,state
0,0.052,2026-09-08 12:41:38.041710,2026-09-08 13:25:05.120708,0 days 00:43:27.078998,4,512,0.49524807097129897,6.0344883178952e-05,0.138975076095407,0.00019651251661113368,0.718,COMPLETE
1,0.211,2026-09-08 13:25:05.924202,2026-09-08 15:25:46.111190,0 days 02:00:40.186988,16,768,0.48101894736933437,3.7645423683600156e-05,0.12145932205672323,1.834310009490154e-05,0.906,COMPLETE
2,0.049,2026-09-08 15:25:46.262665,2026-09-08 16:04:58.325659,0 days 00:39:12.062994,4,512,0.3327930205458417,0.0003002663354461872,0.11247154383075264,1.395872914663102e-05,0.692,COMPLETE
3,0.225,2026-09-08 16:04:58.424777,2026-09-08 17:35:54.380641,0 days 01:30:55.955864,8,768,0.3388166378451587,2.9908331155584548e-05,0.11823628189860061,0.006662298071551823,0.903,COMPLETE
4,0.186,2026-09-08 17:35:54.594186,2026-09-08 19:52:44.704991,0 days 02:16:50.110805,4,768,0.16322953403235319,6.925686863863847e-06,0.12156663277874769,1.4727311514454389e-05,0.901,COMPLETE
5,0.144,2026-09-08 19:52:44.812959,2026-09-08 20:38:28.318422,0 days 00:45:43.505463,4,512,0.11290010989726831,6.836141424667627e-05,0.14107949973393671,0.001620077447203185,0.817,COMPLETE
6,0.076,2026-09-08 20:38:28.486733,2026-09-08 21:21:44.529320,0 days 00:43:16.042587,8,768,0.42215372296263565,0.0001838531812299269,0.11601020643066234,0.0017504539069324678,0.597,COMPLETE
7,0.194,2026-09-08 21:21:44.646458,2026-09-08 22:32:42.030097,0 days 01:10:57.383639,4,1024,0.20263398014560297,6.212497330897874e-06,0.05117174528212057,0.007416617762091171,0.887,COMPLETE
8,0.214,2026-09-08 22:32:42.145846,2026-09-08 23:45:12.575995,0 days 01:12:30.430149,8,768,0.33157907708204004,4.9263154767779775e-05,0.10359669070076227,2.2932624161474882e-05,0.903,COMPLETE
9,0.228,2026-09-08 23:45:12.731554,2026-09-09 01:16:07.128946,0 days 01:30:54.397392,8,768,0.27527943642264796,2.106363946696829e-05,0.09430895072823028,6.077826190158075e-05,0.905,COMPLETE
10,0.207,2026-09-09 01:16:07.588265,2026-09-09 02:42:16.989777,0 days 01:26:09.401512,16,1024,0.24628617335056388,1.8350313866422787e-05,0.07615984485519518,0.00014248938642981294,0.899,COMPLETE
11,0.204,2026-09-09 02:42:17.138468,2026-09-09 04:31:23.765952,0 days 01:49:06.627484,8,768,0.292097236419398,1.7647970016063854e-05,0.0912832360991818,0.00011138535176062768,0.903,COMPLETE
