[I 2026-09-08 12:41:38,021] A new study created in RDB with name: bart_etpc_search_4
[I 2026-09-08 13:25:05,179] Trial 0 finished with value: 0.052 and parameters: {'learning_rate': 6.0344883178952e-05, 'weight_decay': 0.00019651251661113368, 'dropout': 0.49524807097129897, 'classifier_hidden_size': 512, 'warmup_ratio': 0.138975076095407, 'batch_size': 4}. Best is trial 0 with value: 0.052.
[I 2026-09-08 15:25:46,164] Trial 1 finished with value: 0.211 and parameters: {'learning_rate': 3.7645423683600156e-05, 'weight_decay': 1.834310009490154e-05, 'dropout': 0.48101894736933437, 'classifier_hidden_size': 768, 'warmup_ratio': 0.12145932205672323, 'batch_size': 16}. Best is trial 1 with value: 0.211.
[I 2026-09-08 16:04:58,350] Trial 2 finished with value: 0.049 and parameters: {'learning_rate': 0.0003002663354461872, 'weight_decay': 1.395872914663102e-05, 'dropout': 0.3327930205458417, 'classifier_hidden_size': 512, 'warmup_ratio': 0.11247154383075264, 'batch_size': 4}. Best is trial 1 with value: 0.211.
[I 2026-09-08 17:35:54,474] Trial 3 finished with value: 0.225 and parameters: {'learning_rate': 2.9908331155584548e-05, 'weight_decay': 0.006662298071551823, 'dropout': 0.3388166378451587, 'classifier_hidden_size': 768, 'warmup_ratio': 0.11823628189860061, 'batch_size': 8}. Best is trial 3 with value: 0.225.
[I 2026-09-08 19:52:44,734] Trial 4 finished with value: 0.186 and parameters: {'learning_rate': 6.925686863863847e-06, 'weight_decay': 1.4727311514454389e-05, 'dropout': 0.16322953403235319, 'classifier_hidden_size': 768, 'warmup_ratio': 0.12156663277874769, 'batch_size': 4}. Best is trial 3 with value: 0.225.
[I 2026-09-08 20:38:28,358] Trial 5 finished with value: 0.144 and parameters: {'learning_rate': 6.836141424667627e-05, 'weight_decay': 0.001620077447203185, 'dropout': 0.11290010989726831, 'classifier_hidden_size': 512, 'warmup_ratio': 0.14107949973393671, 'batch_size': 4}. Best is trial 3 with value: 0.225.
[I 2026-09-08 21:21:44,559] Trial 6 finished with value: 0.076 and parameters: {'learning_rate': 0.0001838531812299269, 'weight_decay': 0.0017504539069324678, 'dropout': 0.42215372296263565, 'classifier_hidden_size': 768, 'warmup_ratio': 0.11601020643066234, 'batch_size': 8}. Best is trial 3 with value: 0.225.
[I 2026-09-08 22:32:42,056] Trial 7 finished with value: 0.194 and parameters: {'learning_rate': 6.212497330897874e-06, 'weight_decay': 0.007416617762091171, 'dropout': 0.20263398014560297, 'classifier_hidden_size': 1024, 'warmup_ratio': 0.05117174528212057, 'batch_size': 4}. Best is trial 3 with value: 0.225.
[I 2026-09-08 23:45:12,614] Trial 8 finished with value: 0.214 and parameters: {'learning_rate': 4.9263154767779775e-05, 'weight_decay': 2.2932624161474882e-05, 'dropout': 0.33157907708204004, 'classifier_hidden_size': 768, 'warmup_ratio': 0.10359669070076227, 'batch_size': 8}. Best is trial 3 with value: 0.225.
[I 2026-09-09 01:16:07,303] Trial 9 finished with value: 0.228 and parameters: {'learning_rate': 2.106363946696829e-05, 'weight_decay': 6.077826190158075e-05, 'dropout': 0.27527943642264796, 'classifier_hidden_size': 768, 'warmup_ratio': 0.09430895072823028, 'batch_size': 8}. Best is trial 9 with value: 0.228.
[I 2026-09-09 02:42:17,026] Trial 10 finished with value: 0.207 and parameters: {'learning_rate': 1.8350313866422787e-05, 'weight_decay': 0.00014248938642981294, 'dropout': 0.24628617335056388, 'classifier_hidden_size': 1024, 'warmup_ratio': 0.07615984485519518, 'batch_size': 16}. Best is trial 9 with value: 0.228.
[I 2026-09-09 04:31:23,851] Trial 11 finished with value: 0.204 and parameters: {'learning_rate': 1.7647970016063854e-05, 'weight_decay': 0.00011138535176062768, 'dropout': 0.292097236419398, 'classifier_hidden_size': 768, 'warmup_ratio': 0.0912832360991818, 'batch_size': 8}. Best is trial 9 with value: 0.228.
