number,value,datetime_start,datetime_complete,duration,params_dropout,params_learning_rate,params_warmup_ratio,params_weight_decay,user_attrs_dev_accuracy,state
0,0.263,2026-09-08 10:25:07.812865,2026-09-08 12:49:39.356561,0 days 02:24:31.543696,0.3976240354856495,3.4740432691304264e-05,0.11483877267568784,0.00019651251661113368,0.915,COMPLETE
1,0.238,2026-09-08 12:49:40.152317,2026-09-08 15:06:23.280993,0 days 02:16:43.128676,0.377950152190814,4.762991553629946e-05,0.13423625009389858,2.5562878977769347e-05,0.907,COMPLETE
2,0.248,2026-09-08 15:06:23.388481,2026-09-08 17:22:45.310754,0 days 02:16:21.922273,0.2876742184972094,2.4251783864029423e-05,0.013173636796612093,0.004792627464811142,0.91,COMPLETE
3,0.076,2026-09-08 17:22:45.463868,2026-09-08 18:04:31.789394,0 days 00:41:46.325526,0.31318275986779576,8.964939610575472e-05,0.05526427941951754,2.5593832850580907e-05,0.732,COMPLETE
4,0.224,2026-09-08 18:04:31.886055,2026-09-08 20:21:35.769752,0 days 02:17:03.883697,0.25867920691833424,5.183143353526758e-05,0.1185958070284371,9.004621309964601e-05,0.902,COMPLETE
5,0.019,2026-09-08 20:21:35.873742,2026-09-08 21:07:55.927626,0 days 00:46:20.053884,0.3163965102729209,7.749404305444221e-05,0.0924216192617252,1.395872914663102e-05,0.514,COMPLETE
6,0.222,2026-09-08 21:07:56.023570,2026-09-08 23:17:41.481636,0 days 02:09:45.458066,0.3249430876615053,1.0778821154304006e-05,0.07714060172630945,0.0005135373772846782,0.904,COMPLETE
7,0.26,2026-09-08 23:17:41.569714,2026-09-09 01:07:45.300310,0 days 01:50:03.730596,0.27768221763268275,2.8342074531546063e-05,0.1411812029573429,8.247741817924719e-05,0.909,COMPLETE
8,0.256,2026-09-09 01:07:45.635926,2026-09-09 02:58:09.423016,0 days 01:50:23.787090,0.38189675313332383,3.9540448817316094e-05,0.07462987949174406,9.24030722852921e-05,0.907,COMPLETE
9,0.134,2026-09-09 02:58:09.512587,2026-09-09 03:52:09.057448,0 days 00:53:59.544861,0.3168738398667092,4.812412198647424e-05,0.007465507540088783,0.00036382408490529536,0.812,COMPLETE
10,0.231,2026-09-09 03:52:09.144635,2026-09-09 06:37:23.639845,0 days 02:45:14.495210,0.2041341499571952,1.1900780459080575e-05,0.037336054847128514,0.0038311992650563427,0.906,COMPLETE
11,0.259,2026-09-09 06:37:23.772400,2026-09-09 09:25:59.441398,0 days 02:48:35.668998,0.212219132668437,2.0791705260745513e-05,0.1493542997906678,0.00032833585551595346,0.912,COMPLETE
