[I 2026-09-08 10:25:07,794] A new study created in RDB with name: bart_etpc_search_2
[I 2026-09-08 12:49:39,400] Trial 0 finished with value: 0.263 and parameters: {'learning_rate': 3.4740432691304264e-05, 'weight_decay': 0.00019651251661113368, 'dropout': 0.3976240354856495, 'warmup_ratio': 0.11483877267568784}. Best is trial 0 with value: 0.263.
[I 2026-09-08 15:06:23,307] Trial 1 finished with value: 0.238 and parameters: {'learning_rate': 4.762991553629946e-05, 'weight_decay': 2.5562878977769347e-05, 'dropout': 0.377950152190814, 'warmup_ratio': 0.13423625009389858}. Best is trial 0 with value: 0.263.
[I 2026-09-08 17:22:45,348] Trial 2 finished with value: 0.248 and parameters: {'learning_rate': 2.4251783864029423e-05, 'weight_decay': 0.004792627464811142, 'dropout': 0.2876742184972094, 'warmup_ratio': 0.013173636796612093}. Best is trial 0 with value: 0.263.
[I 2026-09-08 18:04:31,817] Trial 3 finished with value: 0.076 and parameters: {'learning_rate': 8.964939610575472e-05, 'weight_decay': 2.5593832850580907e-05, 'dropout': 0.31318275986779576, 'warmup_ratio': 0.05526427941951754}. Best is trial 0 with value: 0.263.
[I 2026-09-08 20:21:35,801] Trial 4 finished with value: 0.224 and parameters: {'learning_rate': 5.183143353526758e-05, 'weight_decay': 9.004621309964601e-05, 'dropout': 0.25867920691833424, 'warmup_ratio': 0.1185958070284371}. Best is trial 0 with value: 0.263.
[I 2026-09-08 21:07:55,954] Trial 5 finished with value: 0.019 and parameters: {'learning_rate': 7.749404305444221e-05, 'weight_decay': 1.395872914663102e-05, 'dropout': 0.3163965102729209, 'warmup_ratio': 0.0924216192617252}. Best is trial 0 with value: 0.263.
[I 2026-09-08 23:17:41,505] Trial 6 finished with value: 0.222 and parameters: {'learning_rate': 1.0778821154304006e-05, 'weight_decay': 0.0005135373772846782, 'dropout': 0.3249430876615053, 'warmup_ratio': 0.07714060172630945}. Best is trial 0 with value: 0.263.
[I 2026-09-09 01:07:45,376] Trial 7 finished with value: 0.26 and parameters: {'learning_rate': 2.8342074531546063e-05, 'weight_decay': 8.247741817924719e-05, 'dropout': 0.27768221763268275, 'warmup_ratio': 0.1411812029573429}. Best is trial 0 with value: 0.263.
[I 2026-09-09 02:58:09,448] Trial 8 finished with value: 0.256 and parameters: {'learning_rate': 3.9540448817316094e-05, 'weight_decay': 9.24030722852921e-05, 'dropout': 0.38189675313332383, 'warmup_ratio': 0.07462987949174406}. Best is trial 0 with value: 0.263.
[I 2026-09-09 03:52:09,081] Trial 9 finished with value: 0.134 and parameters: {'learning_rate': 4.812412198647424e-05, 'weight_decay': 0.00036382408490529536, 'dropout': 0.3168738398667092, 'warmup_ratio': 0.007465507540088783}. Best is trial 0 with value: 0.263.
[I 2026-09-09 06:37:23,681] Trial 10 finished with value: 0.231 and parameters: {'learning_rate': 1.1900780459080575e-05, 'weight_decay': 0.0038311992650563427, 'dropout': 0.2041341499571952, 'warmup_ratio': 0.037336054847128514}. Best is trial 0 with value: 0.263.
[I 2026-09-09 09:25:59,470] Trial 11 finished with value: 0.259 and parameters: {'learning_rate': 2.0791705260745513e-05, 'weight_decay': 0.00032833585551595346, 'dropout': 0.212219132668437, 'warmup_ratio': 0.1493542997906678}. Best is trial 0 with value: 0.263.
